WogMoney/build/outputs/logs/manifest-merger-debug-report.txt
-- Merging decision tree log ---
manifest
ADDED from WogMoney_V0.1\WogMoney\AndroidManifest.xml:2:1-89:12
	xmlns:android
		ADDED from WogMoney_V0.1\WogMoney\AndroidManifest.xml:2:11-69
	package
		ADDED from WogMoney_V0.1\WogMoney\AndroidManifest.xml:3:5-30
	android:versionName
		ADDED from WogMoney_V0.1\WogMoney\AndroidManifest.xml:5:5-30
		INJECTED from WogMoney_V0.1\WogMoney\AndroidManifest.xml
		INJECTED from WogMoney_V0.1\WogMoney\AndroidManifest.xml
	android:versionCode
		ADDED from WogMoney_V0.1\WogMoney\AndroidManifest.xml:4:5-28
		INJECTED from WogMoney_V0.1\WogMoney\AndroidManifest.xml
		INJECTED from WogMoney_V0.1\WogMoney\AndroidManifest.xml
uses-sdk
ADDED from WogMoney_V0.1\WogMoney\AndroidManifest.xml:7:5-9:41
MERGED from [com.android.support:multidex:1.0.1] AndroidManifest.xml:18:5-42
MERGED from [WogMoney_V0.1:appcompat_v7:unspecified] AndroidManifest.xml:20:5-43
	android:targetSdkVersion
		ADDED from WogMoney_V0.1\WogMoney\AndroidManifest.xml:9:9-38
		INJECTED from WogMoney_V0.1\WogMoney\AndroidManifest.xml
		INJECTED from WogMoney_V0.1\WogMoney\AndroidManifest.xml
	android:minSdkVersion
		ADDED from WogMoney_V0.1\WogMoney\AndroidManifest.xml:8:9-35
uses-permission#android.permission.READ_PHONE_STATE
ADDED from WogMoney_V0.1\WogMoney\AndroidManifest.xml:11:5-75
	android:name
		ADDED from WogMoney_V0.1\WogMoney\AndroidManifest.xml:11:22-72
uses-permission#android.permission.GET_ACCOUNTS
ADDED from WogMoney_V0.1\WogMoney\AndroidManifest.xml:12:5-71
	android:name
		ADDED from WogMoney_V0.1\WogMoney\AndroidManifest.xml:12:22-68
uses-permission#android.permission.SEND_SMS
ADDED from WogMoney_V0.1\WogMoney\AndroidManifest.xml:13:5-67
	android:name
		ADDED from WogMoney_V0.1\WogMoney\AndroidManifest.xml:13:22-64
application
ADDED from WogMoney_V0.1\WogMoney\AndroidManifest.xml:15:5-87:19
MERGED from [WogMoney_V0.1:appcompat_v7:unspecified] AndroidManifest.xml:22:5-20
	android:label
		ADDED from WogMoney_V0.1\WogMoney\AndroidManifest.xml:18:9-41
	android:allowBackup
		ADDED from WogMoney_V0.1\WogMoney\AndroidManifest.xml:16:9-35
	android:icon
		ADDED from WogMoney_V0.1\WogMoney\AndroidManifest.xml:17:9-45
	android:theme
		ADDED from WogMoney_V0.1\WogMoney\AndroidManifest.xml:19:9-40
activity#co.wog.monedero.LoginActivity
ADDED from WogMoney_V0.1\WogMoney\AndroidManifest.xml:20:9-30:20
	android:windowSoftInputMode
		ADDED from WogMoney_V0.1\WogMoney\AndroidManifest.xml:24:13-68
	android:screenOrientation
		ADDED from WogMoney_V0.1\WogMoney\AndroidManifest.xml:23:13-49
	android:label
		ADDED from WogMoney_V0.1\WogMoney\AndroidManifest.xml:22:13-57
	android:name
		ADDED from WogMoney_V0.1\WogMoney\AndroidManifest.xml:21:13-57
intent-filter#android.intent.action.MAIN+android.intent.category.LAUNCHER
ADDED from WogMoney_V0.1\WogMoney\AndroidManifest.xml:25:13-29:29
action#android.intent.action.MAIN
ADDED from WogMoney_V0.1\WogMoney\AndroidManifest.xml:26:17-69
	android:name
		ADDED from WogMoney_V0.1\WogMoney\AndroidManifest.xml:26:25-66
category#android.intent.category.LAUNCHER
ADDED from WogMoney_V0.1\WogMoney\AndroidManifest.xml:28:17-77
	android:name
		ADDED from WogMoney_V0.1\WogMoney\AndroidManifest.xml:28:27-74
activity#co.wog.monedero.MainActivity
ADDED from WogMoney_V0.1\WogMoney\AndroidManifest.xml:31:9-34:20
	android:label
		ADDED from WogMoney_V0.1\WogMoney\AndroidManifest.xml:33:13-49
	android:name
		ADDED from WogMoney_V0.1\WogMoney\AndroidManifest.xml:32:13-56
activity#co.wog.monedero.ActivacionMonederoActivity
ADDED from WogMoney_V0.1\WogMoney\AndroidManifest.xml:35:9-38:20
	android:label
		ADDED from WogMoney_V0.1\WogMoney\AndroidManifest.xml:37:13-71
	android:name
		ADDED from WogMoney_V0.1\WogMoney\AndroidManifest.xml:36:13-70
activity#co.wog.monedero.CarritoComprasActivity
ADDED from WogMoney_V0.1\WogMoney\AndroidManifest.xml:39:9-42:20
	android:label
		ADDED from WogMoney_V0.1\WogMoney\AndroidManifest.xml:41:13-67
	android:name
		ADDED from WogMoney_V0.1\WogMoney\AndroidManifest.xml:40:13-66
activity#co.wog.monedero.CompraListActivity
ADDED from WogMoney_V0.1\WogMoney\AndroidManifest.xml:43:9-46:20
	android:label
		ADDED from WogMoney_V0.1\WogMoney\AndroidManifest.xml:45:13-54
	android:name
		ADDED from WogMoney_V0.1\WogMoney\AndroidManifest.xml:44:13-62
activity#co.wog.monedero.CompraDetailActivity
ADDED from WogMoney_V0.1\WogMoney\AndroidManifest.xml:47:9-54:20
	android:label
		ADDED from WogMoney_V0.1\WogMoney\AndroidManifest.xml:49:13-56
	android:parentActivityName
		ADDED from WogMoney_V0.1\WogMoney\AndroidManifest.xml:50:13-76
	android:name
		ADDED from WogMoney_V0.1\WogMoney\AndroidManifest.xml:48:13-64
meta-data#android.support.PARENT_ACTIVITY
ADDED from WogMoney_V0.1\WogMoney\AndroidManifest.xml:51:13-53:70
	android:name
		ADDED from WogMoney_V0.1\WogMoney\AndroidManifest.xml:52:17-63
	android:value
		ADDED from WogMoney_V0.1\WogMoney\AndroidManifest.xml:53:17-67
activity#co.wog.monedero.CarritoDeComprasListActivity
ADDED from WogMoney_V0.1\WogMoney\AndroidManifest.xml:55:9-58:20
	android:label
		ADDED from WogMoney_V0.1\WogMoney\AndroidManifest.xml:57:13-64
	android:name
		ADDED from WogMoney_V0.1\WogMoney\AndroidManifest.xml:56:13-72
activity#co.wog.monedero.CarritoDeComprasDetailActivity
ADDED from WogMoney_V0.1\WogMoney\AndroidManifest.xml:59:9-66:20
	android:label
		ADDED from WogMoney_V0.1\WogMoney\AndroidManifest.xml:61:13-66
	android:parentActivityName
		ADDED from WogMoney_V0.1\WogMoney\AndroidManifest.xml:62:13-86
	android:name
		ADDED from WogMoney_V0.1\WogMoney\AndroidManifest.xml:60:13-74
activity#co.wog.wogmoney.ProductosListActivity
ADDED from WogMoney_V0.1\WogMoney\AndroidManifest.xml:67:9-70:20
	android:label
		ADDED from WogMoney_V0.1\WogMoney\AndroidManifest.xml:69:13-57
	android:name
		ADDED from WogMoney_V0.1\WogMoney\AndroidManifest.xml:68:13-65
activity#co.wog.wogmoney.ProductosDetailActivity
ADDED from WogMoney_V0.1\WogMoney\AndroidManifest.xml:71:9-78:20
	android:label
		ADDED from WogMoney_V0.1\WogMoney\AndroidManifest.xml:73:13-59
	android:parentActivityName
		ADDED from WogMoney_V0.1\WogMoney\AndroidManifest.xml:74:13-79
	android:name
		ADDED from WogMoney_V0.1\WogMoney\AndroidManifest.xml:72:13-67
activity#co.wog.wogmoney.TransferenciasActivity
ADDED from WogMoney_V0.1\WogMoney\AndroidManifest.xml:79:9-82:20
	android:label
		ADDED from WogMoney_V0.1\WogMoney\AndroidManifest.xml:81:13-49
	android:name
		ADDED from WogMoney_V0.1\WogMoney\AndroidManifest.xml:80:13-66
activity#co.wog.wogmoney.ContactenosActivity
ADDED from WogMoney_V0.1\WogMoney\AndroidManifest.xml:83:9-86:20
	android:label
		ADDED from WogMoney_V0.1\WogMoney\AndroidManifest.xml:85:13-63
	android:name
		ADDED from WogMoney_V0.1\WogMoney\AndroidManifest.xml:84:13-63